2023/07/21 20:50:15 [notice] 1#1: using the "epoll" event method
2023/07/21 20:50:15 [notice] 1#1: nginx/1.25.1
2023/07/21 20:50:15 [notice] 1#1: built by gcc 12.2.1 20220924 (Alpine 12.2.1_git20220924-r4) 
2023/07/21 20:50:15 [notice] 1#1: OS: Linux 5.15.49-linuxkit-pr
2023/07/21 20:50:15 [notice] 1#1: getrlimit(RLIMIT_NOFILE): 1048576:1048576
2023/07/21 20:50:15 [notice] 1#1: start worker processes
2023/07/21 20:50:15 [notice] 1#1: start worker process 20
2023/07/21 20:50:15 [notice] 1#1: start worker process 21
2023/07/21 20:50:15 [notice] 1#1: start worker process 22
2023/07/21 20:50:15 [notice] 1#1: start worker process 23
2023/07/21 20:53:52 [notice] 1#1: signal 3 (SIGQUIT) received, shutting down
2023/07/21 20:53:52 [notice] 20#20: gracefully shutting down
2023/07/21 20:53:52 [notice] 20#20: exiting
2023/07/21 20:53:52 [notice] 22#22: gracefully shutting down
2023/07/21 20:53:52 [notice] 21#21: gracefully shutting down
2023/07/21 20:53:52 [notice] 23#23: gracefully shutting down
2023/07/21 20:53:52 [notice] 20#20: exit
2023/07/21 20:53:52 [notice] 22#22: exiting
2023/07/21 20:53:52 [notice] 21#21: exiting
2023/07/21 20:53:52 [notice] 23#23: exiting
2023/07/21 20:53:52 [notice] 22#22: exit
2023/07/21 20:53:52 [notice] 21#21: exit
2023/07/21 20:53:52 [notice] 23#23: exit
2023/07/21 20:53:52 [notice] 1#1: signal 17 (SIGCHLD) received from 21
2023/07/21 20:53:52 [notice] 1#1: worker process 21 exited with code 0
2023/07/21 20:53:52 [notice] 1#1: worker process 20 exited with code 0
2023/07/21 20:53:52 [notice] 1#1: worker process 22 exited with code 0
2023/07/21 20:53:52 [notice] 1#1: worker process 23 exited with code 0
2023/07/21 20:53:52 [notice] 1#1: exit
